<?xml version="1.0" encoding="UTF-8"?>
<!-- Generated by org.testng.reporters.JUnitReportReporter -->
<testsuite hostname="LAPTOP-U480KQB7" name="com.priceline.regressionSuite.Tc005_VerifyPrichLineCruseLink" tests="1" failures="0" timestamp="8 Apr 2016 06:49:35 GMT" time="17.248" errors="0">
  <testcase name="verifyPricelinecomLink" time="17.248" classname="com.priceline.regressionSuite.Tc005_VerifyPrichLineCruseLink"/>
</testsuite> <!-- com.priceline.regressionSuite.Tc005_VerifyPrichLineCruseLink -->
