<?xml version="1.0" encoding="UTF-8"?>
<!-- Generated by org.testng.reporters.JUnitReportReporter -->
<testsuite hostname="LAPTOP-U480KQB7" name="com.priceline.regressionSuite.Test003" tests="1" failures="0" timestamp="29 Mar 2016 07:13:09 GMT" time="6.600" errors="0">
  <testcase name="verifyPricelinecomLink" time="6.600" classname="com.priceline.regressionSuite.Test003"/>
</testsuite> <!-- com.priceline.regressionSuite.Test003 -->
