<?xml version="1.0" encoding="UTF-8"?>
<!-- Generated by org.testng.reporters.JUnitReportReporter -->
<testsuite hostname="LAPTOP-U480KQB7" name="com.priceline.regressionSuite.Test003_VerifyPriceLineHotelLink" tests="1" failures="0" timestamp="8 Apr 2016 20:30:21 GMT" time="6.629" errors="0">
  <testcase name="verifyPricelinecomLink" time="6.629" classname="com.priceline.regressionSuite.Test003_VerifyPriceLineHotelLink"/>
</testsuite> <!-- com.priceline.regressionSuite.Test003_VerifyPriceLineHotelLink -->
