<?xml version="1.0" encoding="UTF-8"?>
<!-- Generated by org.testng.reporters.JUnitReportReporter -->
<testsuite hostname="LAPTOP-U480KQB7" name="com.priceline.regressionSuite.Test007" tests="1" failures="0" timestamp="8 Apr 2016 07:08:22 GMT" time="0.243" errors="0">
  <testcase name="verifySignInLink" time="0.243" classname="com.priceline.regressionSuite.Test007"/>
</testsuite> <!-- com.priceline.regressionSuite.Test007 -->
