<?xml version="1.0" encoding="UTF-8"?>
<!-- Generated by org.testng.reporters.JUnitReportReporter -->
<testsuite hostname="LAPTOP-U480KQB7" name="com.priceline.regressionSuite.Test0020_VerifyPriceLineHelpHoverAndClickOnContactUs" tests="1" failures="0" timestamp="8 Apr 2016 20:30:21 GMT" time="2.001" errors="0">
  <testcase name="verifySignInLink" time="2.001" classname="com.priceline.regressionSuite.Test0020_VerifyPriceLineHelpHoverAndClickOnContactUs"/>
</testsuite> <!-- com.priceline.regressionSuite.Test0020_VerifyPriceLineHelpHoverAndClickOnContactUs -->
