<?xml version="1.0" encoding="UTF-8"?>
<!-- Generated by org.testng.reporters.JUnitReportReporter -->
<testsuite hostname="LAPTOP-U480KQB7" name="com.priceline.regressionSuite.Test001" tests="1" failures="0" timestamp="8 Apr 2016 02:26:58 GMT" time="2.643" errors="0">
  <testcase name="verifyPricelinecomLink" time="2.643" classname="com.priceline.regressionSuite.Test001"/>
</testsuite> <!-- com.priceline.regressionSuite.Test001 -->
