<?xml version="1.0" encoding="UTF-8"?>
<!-- Generated by org.testng.reporters.JUnitReportReporter -->
<testsuite hostname="LAPTOP-U480KQB7" name="com.priceline.regressionSuite.Test0011_VerifyPriceLineMyTripHoverAndClickOnMyProfileLink" tests="1" failures="0" timestamp="8 Apr 2016 22:30:01 GMT" time="1.641" errors="0">
  <testcase name="verifySignInLink" time="1.641" classname="com.priceline.regressionSuite.Test0011_VerifyPriceLineMyTripHoverAndClickOnMyProfileLink"/>
</testsuite> <!-- com.priceline.regressionSuite.Test0011_VerifyPriceLineMyTripHoverAndClickOnMyProfileLink -->
