<?xml version="1.0" encoding="UTF-8"?>
<!-- Generated by org.testng.reporters.JUnitReportReporter -->
<testsuite hostname="LAPTOP-U480KQB7" name="com.priceline.regressionSuite.Tc006_VerifyPrichLineCruisesLink" tests="1" failures="0" timestamp="8 Apr 2016 20:30:21 GMT" time="10.773" errors="0">
  <testcase name="verifyPricelinecomLink" time="10.773" classname="com.priceline.regressionSuite.Tc006_VerifyPrichLineCruisesLink"/>
</testsuite> <!-- com.priceline.regressionSuite.Tc006_VerifyPrichLineCruisesLink -->
